# JRE version: Java(TM) SE Runtime Environment (8.0_45-b15) (build 1.8.0_45-b15)
# Java VM: Java HotSpot(TM) Client VM (25.45-b02 mixed mode windows-x86 )
Heap:
 def new generation   total 4928K, used 217K [0x03c00000, 0x04150000, 0x09150000)
  eden space 4416K,   4% used [0x03c00000, 0x03c2d310, 0x04050000)
  from space 512K,   7% used [0x04050000, 0x040592a0, 0x040d0000)
  to   space 512K,   0% used [0x040d0000, 0x040d0000, 0x04150000)
 tenured generation   total 10944K, used 4612K [0x09150000, 0x09c00000, 0x13c00000)
   the space 10944K,  42% used [0x09150000, 0x095d1160, 0x095d1200, 0x09c00000)
 Metaspace       used 9261K, capacity 9453K, committed 9600K, reserved 9600K
GC Heap History (10 events):
Event: 14.523 GC heap before
{Heap before GC invocations=29 (full 0):
 def new generation   total 4928K, used 4452K [0x03c00000, 0x04150000, 0x09150000)
  eden space 4416K, 100% used [0x03c00000, 0x04050000, 0x04050000)
  from space 512K,   7% used [0x040d0000, 0x040d90b8, 0x04150000)
  to   space 512K,   0% used [0x04050000, 0x04050000, 0x040d0000)
 tenured generation   total 10944K, used 4612K [0x09150000, 0x09c00000, 0x13c00000)
   the space 10944K,  42% used [0x09150000, 0x095d10c0, 0x095d1200, 0x09c00000)
 Metaspace       used 9261K, capacity 9453K, committed 9600K, reserved 9600K
Event: 14.524 GC heap after
Heap after GC invocations=30 (full 0):
 def new generation   total 4928K, used 35K [0x03c00000, 0x04150000, 0x09150000)
  eden space 4416K,   0% used [0x03c00000, 0x03c00000, 0x04050000)
  from space 512K,   6% used [0x04050000, 0x04058e70, 0x040d0000)
  to   space 512K,   0% used [0x040d0000, 0x040d0000, 0x04150000)
 tenured generation   total 10944K, used 4612K [0x09150000, 0x09c00000, 0x13c00000)
   the space 10944K,  42% used [0x09150000, 0x095d10c0, 0x095d1200, 0x09c00000)
 Metaspace       used 9261K, capacity 9453K, committed 9600K, reserved 9600K
}
Event: 15.052 GC heap before
{Heap before GC invocations=30 (full 0):
 def new generation   total 4928K, used 4451K [0x03c00000, 0x04150000, 0x09150000)
  eden space 4416K, 100% used [0x03c00000, 0x04050000, 0x04050000)
  from space 512K,   6% used [0x04050000, 0x04058e70, 0x040d0000)
  to   space 512K,   0% used [0x040d0000, 0x040d0000, 0x04150000)
 tenured generation   total 10944K, used 4612K [0x09150000, 0x09c00000, 0x13c00000)
   the space 10944K,  42% used [0x09150000, 0x095d10c0, 0x095d1200, 0x09c00000)
 Metaspace       used 9261K, capacity 9453K, committed 9600K, reserved 9600K
Event: 15.053 GC heap after
Heap after GC invocations=31 (full 0):
 def new generation   total 4928K, used 43K [0x03c00000, 0x04150000, 0x09150000)
  eden space 4416K,   0% used [0x03c00000, 0x03c00000, 0x04050000)
  from space 512K,   8% used [0x040d0000, 0x040dac90, 0x04150000)
  to   space 512K,   0% used [0x04050000, 0x04050000, 0x040d0000)
 tenured generation   total 10944K, used 4612K [0x09150000, 0x09c00000, 0x13c00000)
   the space 10944K,  42% used [0x09150000, 0x095d10c0, 0x095d1200, 0x09c00000)
 Metaspace       used 9261K, capacity 9453K, committed 9600K, reserved 9600K
}
Event: 15.491 GC heap before
{Heap before GC invocations=31 (full 0):
 def new generation   total 4928K, used 4459K [0x03c00000, 0x04150000, 0x09150000)
  eden space 4416K, 100% used [0x03c00000, 0x04050000, 0x04050000)
  from space 512K,   8% used [0x040d0000, 0x040dac90, 0x04150000)
  to   space 512K,   0% used [0x04050000, 0x04050000, 0x040d0000)
 tenured generation   total 10944K, used 4612K [0x09150000, 0x09c00000, 0x13c00000)
   the space 10944K,  42% used [0x09150000, 0x095d10c0, 0x095d1200, 0x09c00000)
 Metaspace       used 9261K, capacity 9453K, committed 9600K, reserved 9600K
Event: 15.492 GC heap after
Heap after GC invocations=32 (full 0):
 def new generation   total 4928K, used 45K [0x03c00000, 0x04150000, 0x09150000)
  eden space 4416K,   0% used [0x03c00000, 0x03c00000, 0x04050000)
  from space 512K,   8% used [0x04050000, 0x0405b7d0, 0x040d0000)
  to   space 512K,   0% used [0x040d0000, 0x040d0000, 0x04150000)
 tenured generation   total 10944K, used 4612K [0x09150000, 0x09c00000, 0x13c00000)
   the space 10944K,  42% used [0x09150000, 0x095d10c0, 0x095d1200, 0x09c00000)
 Metaspace       used 9261K, capacity 9453K, committed 9600K, reserved 9600K
}
Event: 15.900 GC heap before
{Heap before GC invocations=32 (full 0):
 def new generation   total 4928K, used 4461K [0x03c00000, 0x04150000, 0x09150000)
  eden space 4416K, 100% used [0x03c00000, 0x04050000, 0x04050000)
  from space 512K,   8% used [0x04050000, 0x0405b7d0, 0x040d0000)
  to   space 512K,   0% used [0x040d0000, 0x040d0000, 0x04150000)
 tenured generation   total 10944K, used 4612K [0x09150000, 0x09c00000, 0x13c00000)
   the space 10944K,  42% used [0x09150000, 0x095d10c0, 0x095d1200, 0x09c00000)
 Metaspace       used 9261K, capacity 9453K, committed 9600K, reserved 9600K
Event: 15.901 GC heap after
Heap after GC invocations=33 (full 0):
 def new generation   total 4928K, used 42K [0x03c00000, 0x04150000, 0x09150000)
  eden space 4416K,   0% used [0x03c00000, 0x03c00000, 0x04050000)
  from space 512K,   8% used [0x040d0000, 0x040dabd0, 0x04150000)
  to   space 512K,   0% used [0x04050000, 0x04050000, 0x040d0000)
 tenured generation   total 10944K, used 4612K [0x09150000, 0x09c00000, 0x13c00000)
   the space 10944K,  42% used [0x09150000, 0x095d10c0, 0x095d1200, 0x09c00000)
 Metaspace       used 9261K, capacity 9453K, committed 9600K, reserved 9600K
}
Event: 16.365 GC heap before
{Heap before GC invocations=33 (full 0):
 def new generation   total 4928K, used 4458K [0x03c00000, 0x04150000, 0x09150000)
  eden space 4416K, 100% used [0x03c00000, 0x04050000, 0x04050000)
  from space 512K,   8% used [0x040d0000, 0x040dabd0, 0x04150000)
  to   space 512K,   0% used [0x04050000, 0x04050000, 0x040d0000)
 tenured generation   total 10944K, used 4612K [0x09150000, 0x09c00000, 0x13c00000)
   the space 10944K,  42% used [0x09150000, 0x095d10c0, 0x095d1200, 0x09c00000)
 Metaspace       used 9261K, capacity 9453K, committed 9600K, reserved 9600K
Event: 16.367 GC heap after
Heap after GC invocations=34 (full 0):
 def new generation   total 4928K, used 36K [0x03c00000, 0x04150000, 0x09150000)
  eden space 4416K,   0% used [0x03c00000, 0x03c00000, 0x04050000)
  from space 512K,   7% used [0x04050000, 0x040592a0, 0x040d0000)
  to   space 512K,   0% used [0x040d0000, 0x040d0000, 0x04150000)
 tenured generation   total 10944K, used 4612K [0x09150000, 0x09c00000, 0x13c00000)
   the space 10944K,  42% used [0x09150000, 0x095d1160, 0x095d1200, 0x09c00000)
 Metaspace       used 9261K, capacity 9453K, committed 9600K, reserved 9600K
}

