# JRE version: Java(TM) SE Runtime Environment (8.0_45-b15) (build 1.8.0_45-b15)
# Java VM: Java HotSpot(TM) Client VM (25.45-b02 mixed mode windows-x86 )
Heap:
 def new generation   total 4928K, used 446K [0x03c00000, 0x04150000, 0x09150000)
  eden space 4416K,   6% used [0x03c00000, 0x03c427a0, 0x04050000)
  from space 512K,  35% used [0x04050000, 0x0407d418, 0x040d0000)
  to   space 512K,   0% used [0x040d0000, 0x040d0000, 0x04150000)
 tenured generation   total 10944K, used 4544K [0x09150000, 0x09c00000, 0x13c00000)
   the space 10944K,  41% used [0x09150000, 0x095c0190, 0x095c0200, 0x09c00000)
 Metaspace       used 9392K, capacity 9589K, committed 9728K, reserved 10624K
GC Heap History (10 events):
Event: 105.963 GC heap before
{Heap before GC invocations=9 (full 0):
 def new generation   total 4928K, used 4593K [0x03c00000, 0x04150000, 0x09150000)
  eden space 4416K, 100% used [0x03c00000, 0x04050000, 0x04050000)
  from space 512K,  34% used [0x040d0000, 0x040fc528, 0x04150000)
  to   space 512K,   0% used [0x04050000, 0x04050000, 0x040d0000)
 tenured generation   total 10944K, used 4544K [0x09150000, 0x09c00000, 0x13c00000)
   the space 10944K,  41% used [0x09150000, 0x095c0190, 0x095c0200, 0x09c00000)
 Metaspace       used 9392K, capacity 9589K, committed 9728K, reserved 10624K
Event: 105.965 GC heap after
Heap after GC invocations=10 (full 0):
 def new generation   total 4928K, used 186K [0x03c00000, 0x04150000, 0x09150000)
  eden space 4416K,   0% used [0x03c00000, 0x03c00000, 0x04050000)
  from space 512K,  36% used [0x04050000, 0x0407e988, 0x040d0000)
  to   space 512K,   0% used [0x040d0000, 0x040d0000, 0x04150000)
 tenured generation   total 10944K, used 4544K [0x09150000, 0x09c00000, 0x13c00000)
   the space 10944K,  41% used [0x09150000, 0x095c0190, 0x095c0200, 0x09c00000)
 Metaspace       used 9392K, capacity 9589K, committed 9728K, reserved 10624K
}
Event: 107.005 GC heap before
{Heap before GC invocations=10 (full 0):
 def new generation   total 4928K, used 4602K [0x03c00000, 0x04150000, 0x09150000)
  eden space 4416K, 100% used [0x03c00000, 0x04050000, 0x04050000)
  from space 512K,  36% used [0x04050000, 0x0407e988, 0x040d0000)
  to   space 512K,   0% used [0x040d0000, 0x040d0000, 0x04150000)
 tenured generation   total 10944K, used 4544K [0x09150000, 0x09c00000, 0x13c00000)
   the space 10944K,  41% used [0x09150000, 0x095c0190, 0x095c0200, 0x09c00000)
 Metaspace       used 9392K, capacity 9589K, committed 9728K, reserved 10624K
Event: 107.007 GC heap after
Heap after GC invocations=11 (full 0):
 def new generation   total 4928K, used 181K [0x03c00000, 0x04150000, 0x09150000)
  eden space 4416K,   0% used [0x03c00000, 0x03c00000, 0x04050000)
  from space 512K,  35% used [0x040d0000, 0x040fd488, 0x04150000)
  to   space 512K,   0% used [0x04050000, 0x04050000, 0x040d0000)
 tenured generation   total 10944K, used 4544K [0x09150000, 0x09c00000, 0x13c00000)
   the space 10944K,  41% used [0x09150000, 0x095c0190, 0x095c0200, 0x09c00000)
 Metaspace       used 9392K, capacity 9589K, committed 9728K, reserved 10624K
}
Event: 107.457 GC heap before
{Heap before GC invocations=11 (full 0):
 def new generation   total 4928K, used 4597K [0x03c00000, 0x04150000, 0x09150000)
  eden space 4416K, 100% used [0x03c00000, 0x04050000, 0x04050000)
  from space 512K,  35% used [0x040d0000, 0x040fd488, 0x04150000)
  to   space 512K,   0% used [0x04050000, 0x04050000, 0x040d0000)
 tenured generation   total 10944K, used 4544K [0x09150000, 0x09c00000, 0x13c00000)
   the space 10944K,  41% used [0x09150000, 0x095c0190, 0x095c0200, 0x09c00000)
 Metaspace       used 9392K, capacity 9589K, committed 9728K, reserved 10624K
Event: 107.459 GC heap after
Heap after GC invocations=12 (full 0):
 def new generation   total 4928K, used 175K [0x03c00000, 0x04150000, 0x09150000)
  eden space 4416K,   0% used [0x03c00000, 0x03c00000, 0x04050000)
  from space 512K,  34% used [0x04050000, 0x0407bea8, 0x040d0000)
  to   space 512K,   0% used [0x040d0000, 0x040d0000, 0x04150000)
 tenured generation   total 10944K, used 4544K [0x09150000, 0x09c00000, 0x13c00000)
   the space 10944K,  41% used [0x09150000, 0x095c0190, 0x095c0200, 0x09c00000)
 Metaspace       used 9392K, capacity 9589K, committed 9728K, reserved 10624K
}
Event: 122.716 GC heap before
{Heap before GC invocations=12 (full 0):
 def new generation   total 4928K, used 4591K [0x03c00000, 0x04150000, 0x09150000)
  eden space 4416K, 100% used [0x03c00000, 0x04050000, 0x04050000)
  from space 512K,  34% used [0x04050000, 0x0407bea8, 0x040d0000)
  to   space 512K,   0% used [0x040d0000, 0x040d0000, 0x04150000)
 tenured generation   total 10944K, used 4544K [0x09150000, 0x09c00000, 0x13c00000)
   the space 10944K,  41% used [0x09150000, 0x095c0190, 0x095c0200, 0x09c00000)
 Metaspace       used 9392K, capacity 9589K, committed 9728K, reserved 10624K
Event: 122.718 GC heap after
Heap after GC invocations=13 (full 0):
 def new generation   total 4928K, used 193K [0x03c00000, 0x04150000, 0x09150000)
  eden space 4416K,   0% used [0x03c00000, 0x03c00000, 0x04050000)
  from space 512K,  37% used [0x040d0000, 0x04100670, 0x04150000)
  to   space 512K,   0% used [0x04050000, 0x04050000, 0x040d0000)
 tenured generation   total 10944K, used 4544K [0x09150000, 0x09c00000, 0x13c00000)
   the space 10944K,  41% used [0x09150000, 0x095c0190, 0x095c0200, 0x09c00000)
 Metaspace       used 9392K, capacity 9589K, committed 9728K, reserved 10624K
}
Event: 123.181 GC heap before
{Heap before GC invocations=13 (full 0):
 def new generation   total 4928K, used 4609K [0x03c00000, 0x04150000, 0x09150000)
  eden space 4416K, 100% used [0x03c00000, 0x04050000, 0x04050000)
  from space 512K,  37% used [0x040d0000, 0x04100670, 0x04150000)
  to   space 512K,   0% used [0x04050000, 0x04050000, 0x040d0000)
 tenured generation   total 10944K, used 4544K [0x09150000, 0x09c00000, 0x13c00000)
   the space 10944K,  41% used [0x09150000, 0x095c0190, 0x095c0200, 0x09c00000)
 Metaspace       used 9392K, capacity 9589K, committed 9728K, reserved 10624K
Event: 123.183 GC heap after
Heap after GC invocations=14 (full 0):
 def new generation   total 4928K, used 181K [0x03c00000, 0x04150000, 0x09150000)
  eden space 4416K,   0% used [0x03c00000, 0x03c00000, 0x04050000)
  from space 512K,  35% used [0x04050000, 0x0407d418, 0x040d0000)
  to   space 512K,   0% used [0x040d0000, 0x040d0000, 0x04150000)
 tenured generation   total 10944K, used 4544K [0x09150000, 0x09c00000, 0x13c00000)
   the space 10944K,  41% used [0x09150000, 0x095c0190, 0x095c0200, 0x09c00000)
 Metaspace       used 9392K, capacity 9589K, committed 9728K, reserved 10624K
}

