# JRE version: Java(TM) SE Runtime Environment (8.0_45-b15) (build 1.8.0_45-b15)
# Java VM: Java HotSpot(TM) Client VM (25.45-b02 mixed mode windows-x86 )
Heap:
 def new generation   total 4928K, used 217K [0x03c00000, 0x04150000, 0x09150000)
  eden space 4416K,   4% used [0x03c00000, 0x03c2db58, 0x04050000)
  from space 512K,   6% used [0x04050000, 0x04058bd0, 0x040d0000)
  to   space 512K,   0% used [0x040d0000, 0x040d0000, 0x04150000)
 tenured generation   total 10944K, used 4323K [0x09150000, 0x09c00000, 0x13c00000)
   the space 10944K,  39% used [0x09150000, 0x09588e10, 0x09589000, 0x09c00000)
 Metaspace       used 9336K, capacity 9519K, committed 9600K, reserved 9600K
GC Heap History (10 events):
Event: 43.471 GC heap before
{Heap before GC invocations=29 (full 0):
 def new generation   total 4928K, used 4452K [0x03c00000, 0x04150000, 0x09150000)
  eden space 4416K, 100% used [0x03c00000, 0x04050000, 0x04050000)
  from space 512K,   7% used [0x040d0000, 0x040d90b8, 0x04150000)
  to   space 512K,   0% used [0x04050000, 0x04050000, 0x040d0000)
 tenured generation   total 10944K, used 4323K [0x09150000, 0x09c00000, 0x13c00000)
   the space 10944K,  39% used [0x09150000, 0x09588cd8, 0x09588e00, 0x09c00000)
 Metaspace       used 9336K, capacity 9519K, committed 9600K, reserved 9600K
Event: 43.472 GC heap after
Heap after GC invocations=30 (full 0):
 def new generation   total 4928K, used 32K [0x03c00000, 0x04150000, 0x09150000)
  eden space 4416K,   0% used [0x03c00000, 0x03c00000, 0x04050000)
  from space 512K,   6% used [0x04050000, 0x04058138, 0x040d0000)
  to   space 512K,   0% used [0x040d0000, 0x040d0000, 0x04150000)
 tenured generation   total 10944K, used 4323K [0x09150000, 0x09c00000, 0x13c00000)
   the space 10944K,  39% used [0x09150000, 0x09588d78, 0x09588e00, 0x09c00000)
 Metaspace       used 9336K, capacity 9519K, committed 9600K, reserved 9600K
}
Event: 44.631 GC heap before
{Heap before GC invocations=30 (full 0):
 def new generation   total 4928K, used 4448K [0x03c00000, 0x04150000, 0x09150000)
  eden space 4416K, 100% used [0x03c00000, 0x04050000, 0x04050000)
  from space 512K,   6% used [0x04050000, 0x04058138, 0x040d0000)
  to   space 512K,   0% used [0x040d0000, 0x040d0000, 0x04150000)
 tenured generation   total 10944K, used 4323K [0x09150000, 0x09c00000, 0x13c00000)
   the space 10944K,  39% used [0x09150000, 0x09588d78, 0x09588e00, 0x09c00000)
 Metaspace       used 9336K, capacity 9519K, committed 9600K, reserved 9600K
Event: 44.633 GC heap after
Heap after GC invocations=31 (full 0):
 def new generation   total 4928K, used 41K [0x03c00000, 0x04150000, 0x09150000)
  eden space 4416K,   0% used [0x03c00000, 0x03c00000, 0x04050000)
  from space 512K,   8% used [0x040d0000, 0x040da588, 0x04150000)
  to   space 512K,   0% used [0x04050000, 0x04050000, 0x040d0000)
 tenured generation   total 10944K, used 4323K [0x09150000, 0x09c00000, 0x13c00000)
   the space 10944K,  39% used [0x09150000, 0x09588d78, 0x09588e00, 0x09c00000)
 Metaspace       used 9336K, capacity 9519K, committed 9600K, reserved 9600K
}
Event: 53.308 GC heap before
{Heap before GC invocations=31 (full 0):
 def new generation   total 4928K, used 4457K [0x03c00000, 0x04150000, 0x09150000)
  eden space 4416K, 100% used [0x03c00000, 0x04050000, 0x04050000)
  from space 512K,   8% used [0x040d0000, 0x040da588, 0x04150000)
  to   space 512K,   0% used [0x04050000, 0x04050000, 0x040d0000)
 tenured generation   total 10944K, used 4323K [0x09150000, 0x09c00000, 0x13c00000)
   the space 10944K,  39% used [0x09150000, 0x09588d78, 0x09588e00, 0x09c00000)
 Metaspace       used 9336K, capacity 9519K, committed 9600K, reserved 9600K
Event: 53.310 GC heap after
Heap after GC invocations=32 (full 0):
 def new generation   total 4928K, used 32K [0x03c00000, 0x04150000, 0x09150000)
  eden space 4416K,   0% used [0x03c00000, 0x03c00000, 0x04050000)
  from space 512K,   6% used [0x04050000, 0x04058208, 0x040d0000)
  to   space 512K,   0% used [0x040d0000, 0x040d0000, 0x04150000)
 tenured generation   total 10944K, used 4323K [0x09150000, 0x09c00000, 0x13c00000)
   the space 10944K,  39% used [0x09150000, 0x09588e10, 0x09589000, 0x09c00000)
 Metaspace       used 9336K, capacity 9519K, committed 9600K, reserved 9600K
}
Event: 55.207 GC heap before
{Heap before GC invocations=32 (full 0):
 def new generation   total 4928K, used 4448K [0x03c00000, 0x04150000, 0x09150000)
  eden space 4416K, 100% used [0x03c00000, 0x04050000, 0x04050000)
  from space 512K,   6% used [0x04050000, 0x04058208, 0x040d0000)
  to   space 512K,   0% used [0x040d0000, 0x040d0000, 0x04150000)
 tenured generation   total 10944K, used 4323K [0x09150000, 0x09c00000, 0x13c00000)
   the space 10944K,  39% used [0x09150000, 0x09588e10, 0x09589000, 0x09c00000)
 Metaspace       used 9336K, capacity 9519K, committed 9600K, reserved 9600K
Event: 55.208 GC heap after
Heap after GC invocations=33 (full 0):
 def new generation   total 4928K, used 35K [0x03c00000, 0x04150000, 0x09150000)
  eden space 4416K,   0% used [0x03c00000, 0x03c00000, 0x04050000)
  from space 512K,   6% used [0x040d0000, 0x040d8d18, 0x04150000)
  to   space 512K,   0% used [0x04050000, 0x04050000, 0x040d0000)
 tenured generation   total 10944K, used 4323K [0x09150000, 0x09c00000, 0x13c00000)
   the space 10944K,  39% used [0x09150000, 0x09588e10, 0x09589000, 0x09c00000)
 Metaspace       used 9336K, capacity 9519K, committed 9600K, reserved 9600K
}
Event: 55.650 GC heap before
{Heap before GC invocations=33 (full 0):
 def new generation   total 4928K, used 4451K [0x03c00000, 0x04150000, 0x09150000)
  eden space 4416K, 100% used [0x03c00000, 0x04050000, 0x04050000)
  from space 512K,   6% used [0x040d0000, 0x040d8d18, 0x04150000)
  to   space 512K,   0% used [0x04050000, 0x04050000, 0x040d0000)
 tenured generation   total 10944K, used 4323K [0x09150000, 0x09c00000, 0x13c00000)
   the space 10944K,  39% used [0x09150000, 0x09588e10, 0x09589000, 0x09c00000)
 Metaspace       used 9336K, capacity 9519K, committed 9600K, reserved 9600K
Event: 55.652 GC heap after
Heap after GC invocations=34 (full 0):
 def new generation   total 4928K, used 34K [0x03c00000, 0x04150000, 0x09150000)
  eden space 4416K,   0% used [0x03c00000, 0x03c00000, 0x04050000)
  from space 512K,   6% used [0x04050000, 0x04058bd0, 0x040d0000)
  to   space 512K,   0% used [0x040d0000, 0x040d0000, 0x04150000)
 tenured generation   total 10944K, used 4323K [0x09150000, 0x09c00000, 0x13c00000)
   the space 10944K,  39% used [0x09150000, 0x09588e10, 0x09589000, 0x09c00000)
 Metaspace       used 9336K, capacity 9519K, committed 9600K, reserved 9600K
}

