# JRE version: Java(TM) SE Runtime Environment (8.0_45-b15) (build 1.8.0_45-b15)
# Java VM: Java HotSpot(TM) Client VM (25.45-b02 mixed mode windows-x86 )
Heap:
 def new generation   total 4928K, used 367K [0x03e00000, 0x04350000, 0x09350000)
  eden space 4416K,   4% used [0x03e00000, 0x03e2f550, 0x04250000)
  from space 512K,  34% used [0x042d0000, 0x042fc7f8, 0x04350000)
  to   space 512K,   0% used [0x04250000, 0x04250000, 0x042d0000)
 tenured generation   total 10944K, used 4550K [0x09350000, 0x09e00000, 0x13e00000)
   the space 10944K,  41% used [0x09350000, 0x097c1a20, 0x097c1c00, 0x09e00000)
 Metaspace       used 9378K, capacity 9589K, committed 9728K, reserved 10624K
GC Heap History (10 events):
Event: 81.252 GC heap before
{Heap before GC invocations=12 (full 0):
 def new generation   total 4928K, used 4599K [0x03e00000, 0x04350000, 0x09350000)
  eden space 4416K, 100% used [0x03e00000, 0x04250000, 0x04250000)
  from space 512K,  35% used [0x04250000, 0x0427ded8, 0x042d0000)
  to   space 512K,   0% used [0x042d0000, 0x042d0000, 0x04350000)
 tenured generation   total 10944K, used 4550K [0x09350000, 0x09e00000, 0x13e00000)
   the space 10944K,  41% used [0x09350000, 0x097c1a20, 0x097c1c00, 0x09e00000)
 Metaspace       used 9378K, capacity 9589K, committed 9728K, reserved 10624K
Event: 81.255 GC heap after
Heap after GC invocations=13 (full 0):
 def new generation   total 4928K, used 182K [0x03e00000, 0x04350000, 0x09350000)
  eden space 4416K,   0% used [0x03e00000, 0x03e00000, 0x04250000)
  from space 512K,  35% used [0x042d0000, 0x042fdb90, 0x04350000)
  to   space 512K,   0% used [0x04250000, 0x04250000, 0x042d0000)
 tenured generation   total 10944K, used 4550K [0x09350000, 0x09e00000, 0x13e00000)
   the space 10944K,  41% used [0x09350000, 0x097c1a20, 0x097c1c00, 0x09e00000)
 Metaspace       used 9378K, capacity 9589K, committed 9728K, reserved 10624K
}
Event: 81.932 GC heap before
{Heap before GC invocations=13 (full 0):
 def new generation   total 4928K, used 4598K [0x03e00000, 0x04350000, 0x09350000)
  eden space 4416K, 100% used [0x03e00000, 0x04250000, 0x04250000)
  from space 512K,  35% used [0x042d0000, 0x042fdb90, 0x04350000)
  to   space 512K,   0% used [0x04250000, 0x04250000, 0x042d0000)
 tenured generation   total 10944K, used 4550K [0x09350000, 0x09e00000, 0x13e00000)
   the space 10944K,  41% used [0x09350000, 0x097c1a20, 0x097c1c00, 0x09e00000)
 Metaspace       used 9378K, capacity 9589K, committed 9728K, reserved 10624K
Event: 81.935 GC heap after
Heap after GC invocations=14 (full 0):
 def new generation   total 4928K, used 176K [0x03e00000, 0x04350000, 0x09350000)
  eden space 4416K,   0% used [0x03e00000, 0x03e00000, 0x04250000)
  from space 512K,  34% used [0x04250000, 0x0427c1b0, 0x042d0000)
  to   space 512K,   0% used [0x042d0000, 0x042d0000, 0x04350000)
 tenured generation   total 10944K, used 4550K [0x09350000, 0x09e00000, 0x13e00000)
   the space 10944K,  41% used [0x09350000, 0x097c1a20, 0x097c1c00, 0x09e00000)
 Metaspace       used 9378K, capacity 9589K, committed 9728K, reserved 10624K
}
Event: 82.956 GC heap before
{Heap before GC invocations=14 (full 0):
 def new generation   total 4928K, used 4592K [0x03e00000, 0x04350000, 0x09350000)
  eden space 4416K, 100% used [0x03e00000, 0x04250000, 0x04250000)
  from space 512K,  34% used [0x04250000, 0x0427c1b0, 0x042d0000)
  to   space 512K,   0% used [0x042d0000, 0x042d0000, 0x04350000)
 tenured generation   total 10944K, used 4550K [0x09350000, 0x09e00000, 0x13e00000)
   the space 10944K,  41% used [0x09350000, 0x097c1a20, 0x097c1c00, 0x09e00000)
 Metaspace       used 9378K, capacity 9589K, committed 9728K, reserved 10624K
Event: 82.958 GC heap after
Heap after GC invocations=15 (full 0):
 def new generation   total 4928K, used 175K [0x03e00000, 0x04350000, 0x09350000)
  eden space 4416K,   0% used [0x03e00000, 0x03e00000, 0x04250000)
  from space 512K,  34% used [0x042d0000, 0x042fbc08, 0x04350000)
  to   space 512K,   0% used [0x04250000, 0x04250000, 0x042d0000)
 tenured generation   total 10944K, used 4550K [0x09350000, 0x09e00000, 0x13e00000)
   the space 10944K,  41% used [0x09350000, 0x097c1a20, 0x097c1c00, 0x09e00000)
 Metaspace       used 9378K, capacity 9589K, committed 9728K, reserved 10624K
}
Event: 83.551 GC heap before
{Heap before GC invocations=15 (full 0):
 def new generation   total 4928K, used 4591K [0x03e00000, 0x04350000, 0x09350000)
  eden space 4416K, 100% used [0x03e00000, 0x04250000, 0x04250000)
  from space 512K,  34% used [0x042d0000, 0x042fbc08, 0x04350000)
  to   space 512K,   0% used [0x04250000, 0x04250000, 0x042d0000)
 tenured generation   total 10944K, used 4550K [0x09350000, 0x09e00000, 0x13e00000)
   the space 10944K,  41% used [0x09350000, 0x097c1a20, 0x097c1c00, 0x09e00000)
 Metaspace       used 9378K, capacity 9589K, committed 9728K, reserved 10624K
Event: 83.553 GC heap after
Heap after GC invocations=16 (full 0):
 def new generation   total 4928K, used 185K [0x03e00000, 0x04350000, 0x09350000)
  eden space 4416K,   0% used [0x03e00000, 0x03e00000, 0x04250000)
  from space 512K,  36% used [0x04250000, 0x0427e498, 0x042d0000)
  to   space 512K,   0% used [0x042d0000, 0x042d0000, 0x04350000)
 tenured generation   total 10944K, used 4550K [0x09350000, 0x09e00000, 0x13e00000)
   the space 10944K,  41% used [0x09350000, 0x097c1a20, 0x097c1c00, 0x09e00000)
 Metaspace       used 9378K, capacity 9589K, committed 9728K, reserved 10624K
}
Event: 84.802 GC heap before
{Heap before GC invocations=16 (full 0):
 def new generation   total 4928K, used 4601K [0x03e00000, 0x04350000, 0x09350000)
  eden space 4416K, 100% used [0x03e00000, 0x04250000, 0x04250000)
  from space 512K,  36% used [0x04250000, 0x0427e498, 0x042d0000)
  to   space 512K,   0% used [0x042d0000, 0x042d0000, 0x04350000)
 tenured generation   total 10944K, used 4550K [0x09350000, 0x09e00000, 0x13e00000)
   the space 10944K,  41% used [0x09350000, 0x097c1a20, 0x097c1c00, 0x09e00000)
 Metaspace       used 9378K, capacity 9589K, committed 9728K, reserved 10624K
Event: 84.804 GC heap after
Heap after GC invocations=17 (full 0):
 def new generation   total 4928K, used 177K [0x03e00000, 0x04350000, 0x09350000)
  eden space 4416K,   0% used [0x03e00000, 0x03e00000, 0x04250000)
  from space 512K,  34% used [0x042d0000, 0x042fc7f8, 0x04350000)
  to   space 512K,   0% used [0x04250000, 0x04250000, 0x042d0000)
 tenured generation   total 10944K, used 4550K [0x09350000, 0x09e00000, 0x13e00000)
   the space 10944K,  41% used [0x09350000, 0x097c1a20, 0x097c1c00, 0x09e00000)
 Metaspace       used 9378K, capacity 9589K, committed 9728K, reserved 10624K
}

