# JRE version: Java(TM) SE Runtime Environment (8.0_45-b15) (build 1.8.0_45-b15)
# Java VM: Java HotSpot(TM) Client VM (25.45-b02 mixed mode windows-x86 )
Heap:
 def new generation   total 4928K, used 282K [0x03e00000, 0x04350000, 0x09350000)
  eden space 4416K,   4% used [0x03e00000, 0x03e2de18, 0x04250000)
  from space 512K,  19% used [0x04250000, 0x04268c18, 0x042d0000)
  to   space 512K,   0% used [0x042d0000, 0x042d0000, 0x04350000)
 tenured generation   total 10944K, used 4552K [0x09350000, 0x09e00000, 0x13e00000)
   the space 10944K,  41% used [0x09350000, 0x097c2048, 0x097c2200, 0x09e00000)
 Metaspace       used 9263K, capacity 9453K, committed 9600K, reserved 9600K
GC Heap History (10 events):
Event: 22.998 GC heap before
{Heap before GC invocations=11 (full 0):
 def new generation   total 4928K, used 4511K [0x03e00000, 0x04350000, 0x09350000)
  eden space 4416K, 100% used [0x03e00000, 0x04250000, 0x04250000)
  from space 512K,  18% used [0x042d0000, 0x042e7e40, 0x04350000)
  to   space 512K,   0% used [0x04250000, 0x04250000, 0x042d0000)
 tenured generation   total 10944K, used 4552K [0x09350000, 0x09e00000, 0x13e00000)
   the space 10944K,  41% used [0x09350000, 0x097c2048, 0x097c2200, 0x09e00000)
 Metaspace       used 9263K, capacity 9453K, committed 9600K, reserved 9600K
Event: 23.000 GC heap after
Heap after GC invocations=12 (full 0):
 def new generation   total 4928K, used 104K [0x03e00000, 0x04350000, 0x09350000)
  eden space 4416K,   0% used [0x03e00000, 0x03e00000, 0x04250000)
  from space 512K,  20% used [0x04250000, 0x0426a288, 0x042d0000)
  to   space 512K,   0% used [0x042d0000, 0x042d0000, 0x04350000)
 tenured generation   total 10944K, used 4552K [0x09350000, 0x09e00000, 0x13e00000)
   the space 10944K,  41% used [0x09350000, 0x097c2048, 0x097c2200, 0x09e00000)
 Metaspace       used 9263K, capacity 9453K, committed 9600K, reserved 9600K
}
Event: 23.578 GC heap before
{Heap before GC invocations=12 (full 0):
 def new generation   total 4928K, used 4520K [0x03e00000, 0x04350000, 0x09350000)
  eden space 4416K, 100% used [0x03e00000, 0x04250000, 0x04250000)
  from space 512K,  20% used [0x04250000, 0x0426a288, 0x042d0000)
  to   space 512K,   0% used [0x042d0000, 0x042d0000, 0x04350000)
 tenured generation   total 10944K, used 4552K [0x09350000, 0x09e00000, 0x13e00000)
   the space 10944K,  41% used [0x09350000, 0x097c2048, 0x097c2200, 0x09e00000)
 Metaspace       used 9263K, capacity 9453K, committed 9600K, reserved 9600K
Event: 23.580 GC heap after
Heap after GC invocations=13 (full 0):
 def new generation   total 4928K, used 98K [0x03e00000, 0x04350000, 0x09350000)
  eden space 4416K,   0% used [0x03e00000, 0x03e00000, 0x04250000)
  from space 512K,  19% used [0x042d0000, 0x042e8a78, 0x04350000)
  to   space 512K,   0% used [0x04250000, 0x04250000, 0x042d0000)
 tenured generation   total 10944K, used 4552K [0x09350000, 0x09e00000, 0x13e00000)
   the space 10944K,  41% used [0x09350000, 0x097c2048, 0x097c2200, 0x09e00000)
 Metaspace       used 9263K, capacity 9453K, committed 9600K, reserved 9600K
}
Event: 24.333 GC heap before
{Heap before GC invocations=13 (full 0):
 def new generation   total 4928K, used 4514K [0x03e00000, 0x04350000, 0x09350000)
  eden space 4416K, 100% used [0x03e00000, 0x04250000, 0x04250000)
  from space 512K,  19% used [0x042d0000, 0x042e8a78, 0x04350000)
  to   space 512K,   0% used [0x04250000, 0x04250000, 0x042d0000)
 tenured generation   total 10944K, used 4552K [0x09350000, 0x09e00000, 0x13e00000)
   the space 10944K,  41% used [0x09350000, 0x097c2048, 0x097c2200, 0x09e00000)
 Metaspace       used 9263K, capacity 9453K, committed 9600K, reserved 9600K
Event: 24.334 GC heap after
Heap after GC invocations=14 (full 0):
 def new generation   total 4928K, used 102K [0x03e00000, 0x04350000, 0x09350000)
  eden space 4416K,   0% used [0x03e00000, 0x03e00000, 0x04250000)
  from space 512K,  19% used [0x04250000, 0x04269890, 0x042d0000)
  to   space 512K,   0% used [0x042d0000, 0x042d0000, 0x04350000)
 tenured generation   total 10944K, used 4552K [0x09350000, 0x09e00000, 0x13e00000)
   the space 10944K,  41% used [0x09350000, 0x097c2048, 0x097c2200, 0x09e00000)
 Metaspace       used 9263K, capacity 9453K, committed 9600K, reserved 9600K
}
Event: 25.202 GC heap before
{Heap before GC invocations=14 (full 0):
 def new generation   total 4928K, used 4518K [0x03e00000, 0x04350000, 0x09350000)
  eden space 4416K, 100% used [0x03e00000, 0x04250000, 0x04250000)
  from space 512K,  19% used [0x04250000, 0x04269890, 0x042d0000)
  to   space 512K,   0% used [0x042d0000, 0x042d0000, 0x04350000)
 tenured generation   total 10944K, used 4552K [0x09350000, 0x09e00000, 0x13e00000)
   the space 10944K,  41% used [0x09350000, 0x097c2048, 0x097c2200, 0x09e00000)
 Metaspace       used 9263K, capacity 9453K, committed 9600K, reserved 9600K
Event: 25.204 GC heap after
Heap after GC invocations=15 (full 0):
 def new generation   total 4928K, used 105K [0x03e00000, 0x04350000, 0x09350000)
  eden space 4416K,   0% used [0x03e00000, 0x03e00000, 0x04250000)
  from space 512K,  20% used [0x042d0000, 0x042ea4d0, 0x04350000)
  to   space 512K,   0% used [0x04250000, 0x04250000, 0x042d0000)
 tenured generation   total 10944K, used 4552K [0x09350000, 0x09e00000, 0x13e00000)
   the space 10944K,  41% used [0x09350000, 0x097c2048, 0x097c2200, 0x09e00000)
 Metaspace       used 9263K, capacity 9453K, committed 9600K, reserved 9600K
}
Event: 25.947 GC heap before
{Heap before GC invocations=15 (full 0):
 def new generation   total 4928K, used 4521K [0x03e00000, 0x04350000, 0x09350000)
  eden space 4416K, 100% used [0x03e00000, 0x04250000, 0x04250000)
  from space 512K,  20% used [0x042d0000, 0x042ea4d0, 0x04350000)
  to   space 512K,   0% used [0x04250000, 0x04250000, 0x042d0000)
 tenured generation   total 10944K, used 4552K [0x09350000, 0x09e00000, 0x13e00000)
   the space 10944K,  41% used [0x09350000, 0x097c2048, 0x097c2200, 0x09e00000)
 Metaspace       used 9263K, capacity 9453K, committed 9600K, reserved 9600K
Event: 25.949 GC heap after
Heap after GC invocations=16 (full 0):
 def new generation   total 4928K, used 99K [0x03e00000, 0x04350000, 0x09350000)
  eden space 4416K,   0% used [0x03e00000, 0x03e00000, 0x04250000)
  from space 512K,  19% used [0x04250000, 0x04268c18, 0x042d0000)
  to   space 512K,   0% used [0x042d0000, 0x042d0000, 0x04350000)
 tenured generation   total 10944K, used 4552K [0x09350000, 0x09e00000, 0x13e00000)
   the space 10944K,  41% used [0x09350000, 0x097c2048, 0x097c2200, 0x09e00000)
 Metaspace       used 9263K, capacity 9453K, committed 9600K, reserved 9600K
}

