# JRE version: Java(TM) SE Runtime Environment (8.0_45-b15) (build 1.8.0_45-b15)
# Java VM: Java HotSpot(TM) Client VM (25.45-b02 mixed mode windows-x86 )
Heap:
 def new generation   total 4928K, used 219K [0x03c00000, 0x04150000, 0x09150000)
  eden space 4416K,   4% used [0x03c00000, 0x03c2d0c0, 0x04050000)
  from space 512K,   7% used [0x04050000, 0x04059c90, 0x040d0000)
  to   space 512K,   0% used [0x040d0000, 0x040d0000, 0x04150000)
 tenured generation   total 10944K, used 4613K [0x09150000, 0x09c00000, 0x13c00000)
   the space 10944K,  42% used [0x09150000, 0x095d1528, 0x095d1600, 0x09c00000)
 Metaspace       used 9262K, capacity 9453K, committed 9600K, reserved 9600K
GC Heap History (10 events):
Event: 31.435 GC heap before
{Heap before GC invocations=17 (full 0):
 def new generation   total 4928K, used 4519K [0x03c00000, 0x04150000, 0x09150000)
  eden space 4416K, 100% used [0x03c00000, 0x04050000, 0x04050000)
  from space 512K,  20% used [0x040d0000, 0x040e9c18, 0x04150000)
  to   space 512K,   0% used [0x04050000, 0x04050000, 0x040d0000)
 tenured generation   total 10944K, used 4552K [0x09150000, 0x09c00000, 0x13c00000)
   the space 10944K,  41% used [0x09150000, 0x095c2348, 0x095c2400, 0x09c00000)
 Metaspace       used 9262K, capacity 9453K, committed 9600K, reserved 9600K
Event: 31.437 GC heap after
Heap after GC invocations=18 (full 0):
 def new generation   total 4928K, used 49K [0x03c00000, 0x04150000, 0x09150000)
  eden space 4416K,   0% used [0x03c00000, 0x03c00000, 0x04050000)
  from space 512K,   9% used [0x04050000, 0x0405c7f0, 0x040d0000)
  to   space 512K,   0% used [0x040d0000, 0x040d0000, 0x04150000)
 tenured generation   total 10944K, used 4604K [0x09150000, 0x09c00000, 0x13c00000)
   the space 10944K,  42% used [0x09150000, 0x095cf310, 0x095cf400, 0x09c00000)
 Metaspace       used 9262K, capacity 9453K, committed 9600K, reserved 9600K
}
Event: 34.901 GC heap before
{Heap before GC invocations=18 (full 0):
 def new generation   total 4928K, used 4465K [0x03c00000, 0x04150000, 0x09150000)
  eden space 4416K, 100% used [0x03c00000, 0x04050000, 0x04050000)
  from space 512K,   9% used [0x04050000, 0x0405c7f0, 0x040d0000)
  to   space 512K,   0% used [0x040d0000, 0x040d0000, 0x04150000)
 tenured generation   total 10944K, used 4604K [0x09150000, 0x09c00000, 0x13c00000)
   the space 10944K,  42% used [0x09150000, 0x095cf310, 0x095cf400, 0x09c00000)
 Metaspace       used 9262K, capacity 9453K, committed 9600K, reserved 9600K
Event: 34.902 GC heap after
Heap after GC invocations=19 (full 0):
 def new generation   total 4928K, used 46K [0x03c00000, 0x04150000, 0x09150000)
  eden space 4416K,   0% used [0x03c00000, 0x03c00000, 0x04050000)
  from space 512K,   9% used [0x040d0000, 0x040dbb98, 0x04150000)
  to   space 512K,   0% used [0x04050000, 0x04050000, 0x040d0000)
 tenured generation   total 10944K, used 4611K [0x09150000, 0x09c00000, 0x13c00000)
   the space 10944K,  42% used [0x09150000, 0x095d0e20, 0x095d1000, 0x09c00000)
 Metaspace       used 9262K, capacity 9453K, committed 9600K, reserved 9600K
}
Event: 35.266 GC heap before
{Heap before GC invocations=19 (full 0):
 def new generation   total 4928K, used 4462K [0x03c00000, 0x04150000, 0x09150000)
  eden space 4416K, 100% used [0x03c00000, 0x04050000, 0x04050000)
  from space 512K,   9% used [0x040d0000, 0x040dbb98, 0x04150000)
  to   space 512K,   0% used [0x04050000, 0x04050000, 0x040d0000)
 tenured generation   total 10944K, used 4611K [0x09150000, 0x09c00000, 0x13c00000)
   the space 10944K,  42% used [0x09150000, 0x095d0e20, 0x095d1000, 0x09c00000)
 Metaspace       used 9262K, capacity 9453K, committed 9600K, reserved 9600K
Event: 35.268 GC heap after
Heap after GC invocations=20 (full 0):
 def new generation   total 4928K, used 54K [0x03c00000, 0x04150000, 0x09150000)
  eden space 4416K,   0% used [0x03c00000, 0x03c00000, 0x04050000)
  from space 512K,  10% used [0x04050000, 0x0405d910, 0x040d0000)
  to   space 512K,   0% used [0x040d0000, 0x040d0000, 0x04150000)
 tenured generation   total 10944K, used 4612K [0x09150000, 0x09c00000, 0x13c00000)
   the space 10944K,  42% used [0x09150000, 0x095d12b0, 0x095d1400, 0x09c00000)
 Metaspace       used 9262K, capacity 9453K, committed 9600K, reserved 9600K
}
Event: 36.906 GC heap before
{Heap before GC invocations=20 (full 0):
 def new generation   total 4928K, used 4470K [0x03c00000, 0x04150000, 0x09150000)
  eden space 4416K, 100% used [0x03c00000, 0x04050000, 0x04050000)
  from space 512K,  10% used [0x04050000, 0x0405d910, 0x040d0000)
  to   space 512K,   0% used [0x040d0000, 0x040d0000, 0x04150000)
 tenured generation   total 10944K, used 4612K [0x09150000, 0x09c00000, 0x13c00000)
   the space 10944K,  42% used [0x09150000, 0x095d12b0, 0x095d1400, 0x09c00000)
 Metaspace       used 9262K, capacity 9453K, committed 9600K, reserved 9600K
Event: 36.908 GC heap after
Heap after GC invocations=21 (full 0):
 def new generation   total 4928K, used 39K [0x03c00000, 0x04150000, 0x09150000)
  eden space 4416K,   0% used [0x03c00000, 0x03c00000, 0x04050000)
  from space 512K,   7% used [0x040d0000, 0x040d9c28, 0x04150000)
  to   space 512K,   0% used [0x04050000, 0x04050000, 0x040d0000)
 tenured generation   total 10944K, used 4613K [0x09150000, 0x09c00000, 0x13c00000)
   the space 10944K,  42% used [0x09150000, 0x095d1470, 0x095d1600, 0x09c00000)
 Metaspace       used 9262K, capacity 9453K, committed 9600K, reserved 9600K
}
Event: 38.745 GC heap before
{Heap before GC invocations=21 (full 0):
 def new generation   total 4928K, used 4455K [0x03c00000, 0x04150000, 0x09150000)
  eden space 4416K, 100% used [0x03c00000, 0x04050000, 0x04050000)
  from space 512K,   7% used [0x040d0000, 0x040d9c28, 0x04150000)
  to   space 512K,   0% used [0x04050000, 0x04050000, 0x040d0000)
 tenured generation   total 10944K, used 4613K [0x09150000, 0x09c00000, 0x13c00000)
   the space 10944K,  42% used [0x09150000, 0x095d1470, 0x095d1600, 0x09c00000)
 Metaspace       used 9262K, capacity 9453K, committed 9600K, reserved 9600K
Event: 38.746 GC heap after
Heap after GC invocations=22 (full 0):
 def new generation   total 4928K, used 39K [0x03c00000, 0x04150000, 0x09150000)
  eden space 4416K,   0% used [0x03c00000, 0x03c00000, 0x04050000)
  from space 512K,   7% used [0x04050000, 0x04059c90, 0x040d0000)
  to   space 512K,   0% used [0x040d0000, 0x040d0000, 0x04150000)
 tenured generation   total 10944K, used 4613K [0x09150000, 0x09c00000, 0x13c00000)
   the space 10944K,  42% used [0x09150000, 0x095d1528, 0x095d1600, 0x09c00000)
 Metaspace       used 9262K, capacity 9453K, committed 9600K, reserved 9600K
}

