# JRE version: Java(TM) SE Runtime Environment (8.0_45-b15) (build 1.8.0_45-b15)
# Java VM: Java HotSpot(TM) Client VM (25.45-b02 mixed mode windows-x86 )
Heap:
 def new generation   total 4928K, used 224K [0x03e00000, 0x04350000, 0x09350000)
  eden space 4416K,   4% used [0x03e00000, 0x03e2ce60, 0x04250000)
  from space 512K,   8% used [0x04250000, 0x0425b230, 0x042d0000)
  to   space 512K,   0% used [0x042d0000, 0x042d0000, 0x04350000)
 tenured generation   total 10944K, used 4246K [0x09350000, 0x09e00000, 0x13e00000)
   the space 10944K,  38% used [0x09350000, 0x097758c0, 0x09775a00, 0x09e00000)
 Metaspace       used 9260K, capacity 9455K, committed 9600K, reserved 9600K
GC Heap History (10 events):
Event: 107.241 GC heap before
{Heap before GC invocations=59 (full 0):
 def new generation   total 4928K, used 4452K [0x03e00000, 0x04350000, 0x09350000)
  eden space 4416K, 100% used [0x03e00000, 0x04250000, 0x04250000)
  from space 512K,   7% used [0x042d0000, 0x042d9080, 0x04350000)
  to   space 512K,   0% used [0x04250000, 0x04250000, 0x042d0000)
 tenured generation   total 10944K, used 4246K [0x09350000, 0x09e00000, 0x13e00000)
   the space 10944K,  38% used [0x09350000, 0x09775810, 0x09775a00, 0x09e00000)
 Metaspace       used 9260K, capacity 9455K, committed 9600K, reserved 9600K
Event: 107.243 GC heap after
Heap after GC invocations=60 (full 0):
 def new generation   total 4928K, used 38K [0x03e00000, 0x04350000, 0x09350000)
  eden space 4416K,   0% used [0x03e00000, 0x03e00000, 0x04250000)
  from space 512K,   7% used [0x04250000, 0x04259828, 0x042d0000)
  to   space 512K,   0% used [0x042d0000, 0x042d0000, 0x04350000)
 tenured generation   total 10944K, used 4246K [0x09350000, 0x09e00000, 0x13e00000)
   the space 10944K,  38% used [0x09350000, 0x09775810, 0x09775a00, 0x09e00000)
 Metaspace       used 9260K, capacity 9455K, committed 9600K, reserved 9600K
}
Event: 107.686 GC heap before
{Heap before GC invocations=60 (full 0):
 def new generation   total 4928K, used 4454K [0x03e00000, 0x04350000, 0x09350000)
  eden space 4416K, 100% used [0x03e00000, 0x04250000, 0x04250000)
  from space 512K,   7% used [0x04250000, 0x04259828, 0x042d0000)
  to   space 512K,   0% used [0x042d0000, 0x042d0000, 0x04350000)
 tenured generation   total 10944K, used 4246K [0x09350000, 0x09e00000, 0x13e00000)
   the space 10944K,  38% used [0x09350000, 0x09775810, 0x09775a00, 0x09e00000)
 Metaspace       used 9260K, capacity 9455K, committed 9600K, reserved 9600K
Event: 107.688 GC heap after
Heap after GC invocations=61 (full 0):
 def new generation   total 4928K, used 38K [0x03e00000, 0x04350000, 0x09350000)
  eden space 4416K,   0% used [0x03e00000, 0x03e00000, 0x04250000)
  from space 512K,   7% used [0x042d0000, 0x042d9a80, 0x04350000)
  to   space 512K,   0% used [0x04250000, 0x04250000, 0x042d0000)
 tenured generation   total 10944K, used 4246K [0x09350000, 0x09e00000, 0x13e00000)
   the space 10944K,  38% used [0x09350000, 0x09775810, 0x09775a00, 0x09e00000)
 Metaspace       used 9260K, capacity 9455K, committed 9600K, reserved 9600K
}
Event: 108.130 GC heap before
{Heap before GC invocations=61 (full 0):
 def new generation   total 4928K, used 4454K [0x03e00000, 0x04350000, 0x09350000)
  eden space 4416K, 100% used [0x03e00000, 0x04250000, 0x04250000)
  from space 512K,   7% used [0x042d0000, 0x042d9a80, 0x04350000)
  to   space 512K,   0% used [0x04250000, 0x04250000, 0x042d0000)
 tenured generation   total 10944K, used 4246K [0x09350000, 0x09e00000, 0x13e00000)
   the space 10944K,  38% used [0x09350000, 0x09775810, 0x09775a00, 0x09e00000)
 Metaspace       used 9260K, capacity 9455K, committed 9600K, reserved 9600K
Event: 108.131 GC heap after
Heap after GC invocations=62 (full 0):
 def new generation   total 4928K, used 43K [0x03e00000, 0x04350000, 0x09350000)
  eden space 4416K,   0% used [0x03e00000, 0x03e00000, 0x04250000)
  from space 512K,   8% used [0x04250000, 0x0425ad98, 0x042d0000)
  to   space 512K,   0% used [0x042d0000, 0x042d0000, 0x04350000)
 tenured generation   total 10944K, used 4246K [0x09350000, 0x09e00000, 0x13e00000)
   the space 10944K,  38% used [0x09350000, 0x09775868, 0x09775a00, 0x09e00000)
 Metaspace       used 9260K, capacity 9455K, committed 9600K, reserved 9600K
}
Event: 108.532 GC heap before
{Heap before GC invocations=62 (full 0):
 def new generation   total 4928K, used 4459K [0x03e00000, 0x04350000, 0x09350000)
  eden space 4416K, 100% used [0x03e00000, 0x04250000, 0x04250000)
  from space 512K,   8% used [0x04250000, 0x0425ad98, 0x042d0000)
  to   space 512K,   0% used [0x042d0000, 0x042d0000, 0x04350000)
 tenured generation   total 10944K, used 4246K [0x09350000, 0x09e00000, 0x13e00000)
   the space 10944K,  38% used [0x09350000, 0x09775868, 0x09775a00, 0x09e00000)
 Metaspace       used 9260K, capacity 9455K, committed 9600K, reserved 9600K
Event: 108.534 GC heap after
Heap after GC invocations=63 (full 0):
 def new generation   total 4928K, used 37K [0x03e00000, 0x04350000, 0x09350000)
  eden space 4416K,   0% used [0x03e00000, 0x03e00000, 0x04250000)
  from space 512K,   7% used [0x042d0000, 0x042d97b0, 0x04350000)
  to   space 512K,   0% used [0x04250000, 0x04250000, 0x042d0000)
 tenured generation   total 10944K, used 4246K [0x09350000, 0x09e00000, 0x13e00000)
   the space 10944K,  38% used [0x09350000, 0x097758c0, 0x09775a00, 0x09e00000)
 Metaspace       used 9260K, capacity 9455K, committed 9600K, reserved 9600K
}
Event: 108.955 GC heap before
{Heap before GC invocations=63 (full 0):
 def new generation   total 4928K, used 4453K [0x03e00000, 0x04350000, 0x09350000)
  eden space 4416K, 100% used [0x03e00000, 0x04250000, 0x04250000)
  from space 512K,   7% used [0x042d0000, 0x042d97b0, 0x04350000)
  to   space 512K,   0% used [0x04250000, 0x04250000, 0x042d0000)
 tenured generation   total 10944K, used 4246K [0x09350000, 0x09e00000, 0x13e00000)
   the space 10944K,  38% used [0x09350000, 0x097758c0, 0x09775a00, 0x09e00000)
 Metaspace       used 9260K, capacity 9455K, committed 9600K, reserved 9600K
Event: 108.957 GC heap after
Heap after GC invocations=64 (full 0):
 def new generation   total 4928K, used 44K [0x03e00000, 0x04350000, 0x09350000)
  eden space 4416K,   0% used [0x03e00000, 0x03e00000, 0x04250000)
  from space 512K,   8% used [0x04250000, 0x0425b230, 0x042d0000)
  to   space 512K,   0% used [0x042d0000, 0x042d0000, 0x04350000)
 tenured generation   total 10944K, used 4246K [0x09350000, 0x09e00000, 0x13e00000)
   the space 10944K,  38% used [0x09350000, 0x097758c0, 0x09775a00, 0x09e00000)
 Metaspace       used 9260K, capacity 9455K, committed 9600K, reserved 9600K
}

