# JRE version: Java(TM) SE Runtime Environment (8.0_45-b15) (build 1.8.0_45-b15)
# Java VM: Java HotSpot(TM) Client VM (25.45-b02 mixed mode windows-x86 )
Heap:
 def new generation   total 4928K, used 310K [0x03e00000, 0x04350000, 0x09350000)
  eden space 4416K,   4% used [0x03e00000, 0x03e2d148, 0x04250000)
  from space 512K,  25% used [0x04250000, 0x04270718, 0x042d0000)
  to   space 512K,   0% used [0x042d0000, 0x042d0000, 0x04350000)
 tenured generation   total 10944K, used 4610K [0x09350000, 0x09e00000, 0x13e00000)
   the space 10944K,  42% used [0x09350000, 0x097d0840, 0x097d0a00, 0x09e00000)
 Metaspace       used 9393K, capacity 9589K, committed 9728K, reserved 10624K
GC Heap History (10 events):
Event: 68.481 GC heap before
{Heap before GC invocations=15 (full 0):
 def new generation   total 4928K, used 4605K [0x03e00000, 0x04350000, 0x09350000)
  eden space 4416K, 100% used [0x03e00000, 0x04250000, 0x04250000)
  from space 512K,  37% used [0x042d0000, 0x042ff5d0, 0x04350000)
  to   space 512K,   0% used [0x04250000, 0x04250000, 0x042d0000)
 tenured generation   total 10944K, used 4552K [0x09350000, 0x09e00000, 0x13e00000)
   the space 10944K,  41% used [0x09350000, 0x097c2348, 0x097c2400, 0x09e00000)
 Metaspace       used 9392K, capacity 9589K, committed 9728K, reserved 10624K
Event: 68.484 GC heap after
Heap after GC invocations=16 (full 0):
 def new generation   total 4928K, used 196K [0x03e00000, 0x04350000, 0x09350000)
  eden space 4416K,   0% used [0x03e00000, 0x03e00000, 0x04250000)
  from space 512K,  38% used [0x04250000, 0x042810d8, 0x042d0000)
  to   space 512K,   0% used [0x042d0000, 0x042d0000, 0x04350000)
 tenured generation   total 10944K, used 4552K [0x09350000, 0x09e00000, 0x13e00000)
   the space 10944K,  41% used [0x09350000, 0x097c2348, 0x097c2400, 0x09e00000)
 Metaspace       used 9392K, capacity 9589K, committed 9728K, reserved 10624K
}
Event: 92.778 GC heap before
{Heap before GC invocations=16 (full 0):
 def new generation   total 4928K, used 4612K [0x03e00000, 0x04350000, 0x09350000)
  eden space 4416K, 100% used [0x03e00000, 0x04250000, 0x04250000)
  from space 512K,  38% used [0x04250000, 0x042810d8, 0x042d0000)
  to   space 512K,   0% used [0x042d0000, 0x042d0000, 0x04350000)
 tenured generation   total 10944K, used 4552K [0x09350000, 0x09e00000, 0x13e00000)
   the space 10944K,  41% used [0x09350000, 0x097c2348, 0x097c2400, 0x09e00000)
 Metaspace       used 9393K, capacity 9589K, committed 9728K, reserved 10624K
Event: 92.780 GC heap after
Heap after GC invocations=17 (full 0):
 def new generation   total 4928K, used 192K [0x03e00000, 0x04350000, 0x09350000)
  eden space 4416K,   0% used [0x03e00000, 0x03e00000, 0x04250000)
  from space 512K,  37% used [0x042d0000, 0x04300110, 0x04350000)
  to   space 512K,   0% used [0x04250000, 0x04250000, 0x042d0000)
 tenured generation   total 10944K, used 4552K [0x09350000, 0x09e00000, 0x13e00000)
   the space 10944K,  41% used [0x09350000, 0x097c2348, 0x097c2400, 0x09e00000)
 Metaspace       used 9393K, capacity 9589K, committed 9728K, reserved 10624K
}
Event: 99.247 GC heap before
{Heap before GC invocations=17 (full 0):
 def new generation   total 4928K, used 4608K [0x03e00000, 0x04350000, 0x09350000)
  eden space 4416K, 100% used [0x03e00000, 0x04250000, 0x04250000)
  from space 512K,  37% used [0x042d0000, 0x04300110, 0x04350000)
  to   space 512K,   0% used [0x04250000, 0x04250000, 0x042d0000)
 tenured generation   total 10944K, used 4552K [0x09350000, 0x09e00000, 0x13e00000)
   the space 10944K,  41% used [0x09350000, 0x097c2348, 0x097c2400, 0x09e00000)
 Metaspace       used 9393K, capacity 9589K, committed 9728K, reserved 10624K
Event: 99.249 GC heap after
Heap after GC invocations=18 (full 0):
 def new generation   total 4928K, used 135K [0x03e00000, 0x04350000, 0x09350000)
  eden space 4416K,   0% used [0x03e00000, 0x03e00000, 0x04250000)
  from space 512K,  26% used [0x04250000, 0x04271e08, 0x042d0000)
  to   space 512K,   0% used [0x042d0000, 0x042d0000, 0x04350000)
 tenured generation   total 10944K, used 4602K [0x09350000, 0x09e00000, 0x13e00000)
   the space 10944K,  42% used [0x09350000, 0x097ce980, 0x097cea00, 0x09e00000)
 Metaspace       used 9393K, capacity 9589K, committed 9728K, reserved 10624K
}
Event: 99.701 GC heap before
{Heap before GC invocations=18 (full 0):
 def new generation   total 4928K, used 4551K [0x03e00000, 0x04350000, 0x09350000)
  eden space 4416K, 100% used [0x03e00000, 0x04250000, 0x04250000)
  from space 512K,  26% used [0x04250000, 0x04271e08, 0x042d0000)
  to   space 512K,   0% used [0x042d0000, 0x042d0000, 0x04350000)
 tenured generation   total 10944K, used 4602K [0x09350000, 0x09e00000, 0x13e00000)
   the space 10944K,  42% used [0x09350000, 0x097ce980, 0x097cea00, 0x09e00000)
 Metaspace       used 9393K, capacity 9589K, committed 9728K, reserved 10624K
Event: 99.704 GC heap after
Heap after GC invocations=19 (full 0):
 def new generation   total 4928K, used 127K [0x03e00000, 0x04350000, 0x09350000)
  eden space 4416K,   0% used [0x03e00000, 0x03e00000, 0x04250000)
  from space 512K,  24% used [0x042d0000, 0x042eff80, 0x04350000)
  to   space 512K,   0% used [0x04250000, 0x04250000, 0x042d0000)
 tenured generation   total 10944K, used 4608K [0x09350000, 0x09e00000, 0x13e00000)
   the space 10944K,  42% used [0x09350000, 0x097d03b0, 0x097d0400, 0x09e00000)
 Metaspace       used 9393K, capacity 9589K, committed 9728K, reserved 10624K
}
Event: 100.175 GC heap before
{Heap before GC invocations=19 (full 0):
 def new generation   total 4928K, used 4543K [0x03e00000, 0x04350000, 0x09350000)
  eden space 4416K, 100% used [0x03e00000, 0x04250000, 0x04250000)
  from space 512K,  24% used [0x042d0000, 0x042eff80, 0x04350000)
  to   space 512K,   0% used [0x04250000, 0x04250000, 0x042d0000)
 tenured generation   total 10944K, used 4608K [0x09350000, 0x09e00000, 0x13e00000)
   the space 10944K,  42% used [0x09350000, 0x097d03b0, 0x097d0400, 0x09e00000)
 Metaspace       used 9393K, capacity 9589K, committed 9728K, reserved 10624K
Event: 100.177 GC heap after
Heap after GC invocations=20 (full 0):
 def new generation   total 4928K, used 129K [0x03e00000, 0x04350000, 0x09350000)
  eden space 4416K,   0% used [0x03e00000, 0x03e00000, 0x04250000)
  from space 512K,  25% used [0x04250000, 0x04270718, 0x042d0000)
  to   space 512K,   0% used [0x042d0000, 0x042d0000, 0x04350000)
 tenured generation   total 10944K, used 4610K [0x09350000, 0x09e00000, 0x13e00000)
   the space 10944K,  42% used [0x09350000, 0x097d0840, 0x097d0a00, 0x09e00000)
 Metaspace       used 9393K, capacity 9589K, committed 9728K, reserved 10624K
}

